<?xml version="1.0" encoding="UTF-8"?>
<testng-results ignored="0" total="1" passed="1" failed="0" skipped="0">
  <reporter-output>
  </reporter-output>
  <suite started-at="2022-08-06T00:25:23 ICT" name="Default suite" finished-at="2022-08-06T00:25:26 ICT" duration-ms="2924">
    <groups>
    </groups>
    <test started-at="2022-08-06T00:25:23 ICT" name="Default test" finished-at="2022-08-06T00:25:26 ICT" duration-ms="2924">
      <class name="poly.edu.testDeleteemployee">
        <test-method is-config="true" signature="beforeClass()[pri:0, instance:poly.edu.testDeleteemployee@2bfc268b]" started-at="2022-08-06T00:25:23 ICT" name="beforeClass" finished-at="2022-08-06T00:25:23 ICT" duration-ms="35" status="PASS">
          <reporter-output>
          </reporter-output>
        </test-method> <!-- beforeClass -->
        <test-method is-config="true" signature="BeforeMethod()[pri:0, instance:poly.edu.testDeleteemployee@2bfc268b]" started-at="2022-08-06T00:25:23 ICT" name="BeforeMethod" finished-at="2022-08-06T00:25:26 ICT" duration-ms="2500" status="PASS">
          <reporter-output>
          </reporter-output>
        </test-method> <!-- BeforeMethod -->
        <test-method signature="f()[pri:0, instance:poly.edu.testDeleteemployee@2bfc268b]" started-at="2022-08-06T00:25:26 ICT" name="f" finished-at="2022-08-06T00:25:26 ICT" duration-ms="201" status="PASS">
          <reporter-output>
          </reporter-output>
        </test-method> <!-- f -->
        <test-method is-config="true" signature="afterClass()[pri:0, instance:poly.edu.testDeleteemployee@2bfc268b]" started-at="2022-08-06T00:25:26 ICT" name="afterClass" finished-at="2022-08-06T00:25:26 ICT" duration-ms="1" status="PASS">
          <reporter-output>
          </reporter-output>
        </test-method> <!-- afterClass -->
      </class> <!-- poly.edu.testDeleteemployee -->
    </test> <!-- Default test -->
  </suite> <!-- Default suite -->
</testng-results>
